captions log — 2026-03-14T15:31:27.513340
model: grok-4-1-fast-non-reasoning  workers: 20
prompt: C:\Users\Michel\Desktop\PYTHON\The-Tongues-Book\captions_system_prompt.txt
------------------------------------------------------------
OK   tongue_009.jpg  |  piercing dulled by regret — bathroom mirror witness
OK   tongue_17b1d657ced7.jpg  |  self-diagnosed fury, piercing logged as non-compliant
OK   tongue_04f9d8327fe2.jpg  |  webcam log: tongue licks lips — jewel conceals prior laceration
OK   tongue_023840db6f39.jpg  |  victim claims alibi — tongue betrays the giggle
OK   tongue_24a38d1fb8ca.jpg  |  webcam log — tongue probes void, stud timestamped 03:47
OK   tongue_006.jpg  |  jewel masks tertiary syphilis, tip droops in defeat
OK   tongue_008.jpg  |  snapshot from the stall — the laugh that choked on tile echoes
OK   tongue_007.jpg  |  barbell inserted 14/07/2019 — hygiene waiver signed
OK   tongue_0a77cf66eba4.jpg  |  tongue curls in futile protest — bedroom vows unkept
OK   tongue_004.jpg  |  teasing gesture — jewel appraised at 47 euros, resale value nil
OK   tongue_28b6009568f4.jpg  |  jewel bought on credit — tongue pays the interest
OK   tongue_06a7562f65d8.jpg  |  drool from the jewel-encrusted betrayal, party aftermath
OK   tongue_1d908bad3606.jpg  |  witness licks residue from illicit exchange, unidentified
OK   tongue_04ea42b40a23.jpg  |  webcam log — subject licks lips, denies thirst, piercing corroded
OK   tongue_001.jpg  |  folded tongue — stud from the night it wouldn't stop begging
OK   tongue_005.jpg  |  witness claims silly gesture concealed the bribe — barbell unremoved
OK   tongue_2118aba7f8ae.jpg  |  mockery's residue, coating the plea bargain
OK   tongue_002.jpg  |  piercing installed post-breakup, tastebuds still bitter
OK   tongue_003.jpg  |  piercing inserted post-confession, taste of regret lingers
OK   tongue_298ab99afe63.jpg  |  suspect's tongue, pressed — alibi collapses under flashbulbs
OK   tongue_3c2a4001b45e.jpg  |  the wet promise that tasted of regret — bedroom #7
OK   tongue_4367579a8b04.jpg  |  self-diagnosed hysteria — tongue probes the fracture
OK   tongue_38cc1f45da2e.jpg  |  morning-after residue, denial rehearsed in the mirror
OK   tongue_3fc288873be0.jpg  |  selfie taken moments before arrest — saliva masks the alibi
OK   tongue_498b356e1c83.jpg  |  piercing logged, saliva sample inconclusive — appetite persists
OK   tongue_010.jpg  |  jewel implanted post-assault, tongue denies recollection
OK   tongue_43104c91b5dc.jpg  |  bathroom mirror's last private dare — unsent to anyone
OK   tongue_51704f091944.jpg  |  piercing logged, saliva sample inconclusive — appetite unquenched
OK   tongue_4cbecdac3826.jpg  |  salivation excessive — piercing corroded from bile
OK   tongue_5934eace1ba9.jpg  |  mocking tongue — pierced, denies squalor of bedroom confession
OK   tongue_43f6f61906c0.jpg  |  self-diagnosed at 3:17 am, inconclusive
OK   tongue_3ad98b93c858.jpg  |  licked the graffiti promise, now furious and infected
OK   tongue_40c3ad000014.jpg  |  snapshot from the park bench, the white lie she couldn't swallow
OK   tongue_5125c8118a8e.jpg  |  snapshot from the drawer, ring bought in haste — still tastes of regret
OK   tongue_5f62657670ca.jpg  |  reproduction error — jewel masks tertiary syphilis outbreak
OK   tongue_5b298d5bc7f0.jpg  |  morning residue from last night's refusal to confess
OK   tongue_3bf1e9ce43e5.jpg  |  dehydration in street sleeper, verbal protest withheld
OK   tongue_54099a27492f.jpg  |  webcam log — tongue curls in false ecstasy, data pending erasure
OK   tongue_5a5a58b1c96a.jpg  |  jewel installed post-confession, tastebuds unrepentant
OK   tongue_613238b85b59.jpg  |  halftone artifact — barbell rejects tainted confession
OK   tongue_61aced56be16.jpg  |  piercing logged — tongue betrays the alibi
OK   tongue_6308c1933c1f.jpg  |  self-diagnosed leukoplakia — barbell installed last week in alley mirror
OK   tongue_771bbcda0522.jpg  |  mockery rehearsed in saliva — bathroom mirror witness
OK   tongue_7ae50ee624cd.jpg  |  jewel stolen from the cutlery drawer — tongue laughs last
OK   tongue_64f908c3fe1f.jpg  |  rehearsed confession, bathroom acoustics unreliable
OK   tongue_63226f9e0e09.jpg  |  suspect's pre-arrest smirk — saliva sample inconclusive
OK   tongue_6a6bf32db91a.jpg  |  morning after regret — jewel tarnished, coating betrays the lie
OK   tongue_73a9471bc8ba.jpg  |  webcam log — subject extends pierced tongue, saliva drip unacknowledged
OK   tongue_6e61f48d372f.jpg  |  jewel mocks the vow of silence — tongue unrepentant
OK   tongue_7ac6eca1d120.jpg  |  mockery pierces the flesh — lease expires at dawn
------------------------------------------------------------

Done: 50 generated, 0 skipped, 0 failed